{"C:\\Users\\KIIT\\Documents\\Java codes\\crud_api\\index.js": {"path":"C:\\Users\\KIIT\\Documents\\Java codes\\crud_api\\index.js","statementMap":{"0":{"start":{"line":1,"column":16},"end":{"line":1,"column":34}},"1":{"start":{"line":2,"column":17},"end":{"line":2,"column":36}},"2":{"start":{"line":3,"column":13},"end":{"line":3,"column":28}},"3":{"start":{"line":4,"column":0},"end":{"line":4,"column":27}},"4":{"start":{"line":6,"column":12},"end":{"line":6,"column":21}},"5":{"start":{"line":7,"column":13},"end":{"line":7,"column":37}},"6":{"start":{"line":10,"column":0},"end":{"line":10,"column":16}},"7":{"start":{"line":11,"column":0},"end":{"line":11,"column":24}},"8":{"start":{"line":14,"column":0},"end":{"line":22,"column":3}},"9":{"start":{"line":15,"column":2},"end":{"line":21,"column":3}},"10":{"start":{"line":16,"column":17},"end":{"line":16,"column":35}},"11":{"start":{"line":17,"column":22},"end":{"line":17,"column":39}},"12":{"start":{"line":18,"column":4},"end":{"line":18,"column":36}},"13":{"start":{"line":20,"column":4},"end":{"line":20,"column":51}},"14":{"start":{"line":25,"column":0},"end":{"line":28,"column":3}},"15":{"start":{"line":26,"column":16},"end":{"line":26,"column":33}},"16":{"start":{"line":27,"column":2},"end":{"line":27,"column":18}},"17":{"start":{"line":31,"column":0},"end":{"line":38,"column":3}},"18":{"start":{"line":32,"column":2},"end":{"line":37,"column":3}},"19":{"start":{"line":33,"column":17},"end":{"line":33,"column":51}},"20":{"start":{"line":34,"column":4},"end":{"line":34,"column":62}},"21":{"start":{"line":36,"column":4},"end":{"line":36,"column":40}},"22":{"start":{"line":41,"column":0},"end":{"line":48,"column":3}},"23":{"start":{"line":42,"column":2},"end":{"line":47,"column":3}},"24":{"start":{"line":43,"column":20},"end":{"line":43,"column":88}},"25":{"start":{"line":44,"column":4},"end":{"line":44,"column":68}},"26":{"start":{"line":46,"column":4},"end":{"line":46,"column":40}},"27":{"start":{"line":51,"column":0},"end":{"line":61,"column":3}},"28":{"start":{"line":52,"column":2},"end":{"line":60,"column":3}},"29":{"start":{"line":53,"column":20},"end":{"line":53,"column":63}},"30":{"start":{"line":54,"column":4},"end":{"line":56,"column":5}},"31":{"start":{"line":55,"column":6},"end":{"line":55,"column":63}},"32":{"start":{"line":57,"column":4},"end":{"line":57,"column":22}},"33":{"start":{"line":59,"column":4},"end":{"line":59,"column":40}},"34":{"start":{"line":63,"column":0},"end":{"line":63,"column":21}}},"fnMap":{"0":{"name":"(anonymous_0)","decl":{"start":{"line":14,"column":19},"end":{"line":14,"column":20}},"loc":{"start":{"line":14,"column":39},"end":{"line":22,"column":1}},"line":14},"1":{"name":"(anonymous_1)","decl":{"start":{"line":25,"column":18},"end":{"line":25,"column":19}},"loc":{"start":{"line":25,"column":38},"end":{"line":28,"column":1}},"line":25},"2":{"name":"(anonymous_2)","decl":{"start":{"line":31,"column":22},"end":{"line":31,"column":23}},"loc":{"start":{"line":31,"column":42},"end":{"line":38,"column":1}},"line":31},"3":{"name":"(anonymous_3)","decl":{"start":{"line":41,"column":22},"end":{"line":41,"column":23}},"loc":{"start":{"line":41,"column":42},"end":{"line":48,"column":1}},"line":41},"4":{"name":"(anonymous_4)","decl":{"start":{"line":51,"column":25},"end":{"line":51,"column":26}},"loc":{"start":{"line":51,"column":45},"end":{"line":61,"column":1}},"line":51}},"branchMap":{"0":{"loc":{"start":{"line":34,"column":4},"end":{"line":34,"column":61}},"type":"cond-expr","locations":[{"start":{"line":34,"column":11},"end":{"line":34,"column":25}},{"start":{"line":34,"column":28},"end":{"line":34,"column":61}}],"line":34},"1":{"loc":{"start":{"line":44,"column":4},"end":{"line":44,"column":67}},"type":"cond-expr","locations":[{"start":{"line":44,"column":14},"end":{"line":44,"column":31}},{"start":{"line":44,"column":34},"end":{"line":44,"column":67}}],"line":44},"2":{"loc":{"start":{"line":54,"column":4},"end":{"line":56,"column":5}},"type":"if","locations":[{"start":{"line":54,"column":4},"end":{"line":56,"column":5}},{"start":{},"end":{}}],"line":54}},"s":{"0":1,"1":1,"2":1,"3":1,"4":1,"5":1,"6":1,"7":1,"8":1,"9":1,"10":1,"11":1,"12":1,"13":0,"14":1,"15":1,"16":1,"17":1,"18":2,"19":2,"20":2,"21":0,"22":1,"23":2,"24":2,"25":2,"26":0,"27":1,"28":2,"29":2,"30":2,"31":1,"32":1,"33":0,"34":1},"f":{"0":1,"1":1,"2":2,"3":2,"4":2},"b":{"0":[1,1],"1":[1,1],"2":[1,1]},"_coverageSchema":"1a1c01bbd47fc00a2c39e90264f33305004495a9","hash":"1b252f529847497f7b292d01c0bbdd582d1a5218"}
,"C:\\Users\\KIIT\\Documents\\Java codes\\crud_api\\models\\Item.js": {"path":"C:\\Users\\KIIT\\Documents\\Java codes\\crud_api\\models\\Item.js","statementMap":{"0":{"start":{"line":1,"column":17},"end":{"line":1,"column":36}},"1":{"start":{"line":3,"column":19},"end":{"line":6,"column":2}},"2":{"start":{"line":8,"column":0},"end":{"line":8,"column":52}}},"fnMap":{},"branchMap":{},"s":{"0":3,"1":3,"2":3},"f":{},"b":{},"_coverageSchema":"1a1c01bbd47fc00a2c39e90264f33305004495a9","hash":"11b30b3eb22b6de3d51cd94254f043302c7f1d39"}
}
