TN:
SF:index.js
FN:14,(anonymous_0)
FN:25,(anonymous_1)
FN:31,(anonymous_2)
FN:41,(anonymous_3)
FN:51,(anonymous_4)
FNF:5
FNH:5
FNDA:1,(anonymous_0)
FNDA:1,(anonymous_1)
FNDA:2,(anonymous_2)
FNDA:2,(anonymous_3)
FNDA:2,(anonymous_4)
DA:1,1
DA:2,1
DA:3,1
DA:4,1
DA:6,1
DA:7,1
DA:10,1
DA:11,1
DA:14,1
DA:15,1
DA:16,1
DA:17,1
DA:18,1
DA:20,0
DA:25,1
DA:26,1
DA:27,1
DA:31,1
DA:32,2
DA:33,2
DA:34,2
DA:36,0
DA:41,1
DA:42,2
DA:43,2
DA:44,2
DA:46,0
DA:51,1
DA:52,2
DA:53,2
DA:54,2
DA:55,1
DA:57,1
DA:59,0
DA:63,1
LF:35
LH:31
BRDA:34,0,0,1
BRDA:34,0,1,1
BRDA:44,1,0,1
BRDA:44,1,1,1
BRDA:54,2,0,1
BRDA:54,2,1,1
BRF:6
BRH:6
end_of_record
TN:
SF:models\Item.js
FNF:0
FNH:0
DA:1,3
DA:3,3
DA:8,3
LF:3
LH:3
BRF:0
BRH:0
end_of_record
